<?xml version="1.0" encoding="UTF-8"?>
<!-- Generated by org.testng.reporters.JUnitReportReporter -->
<testsuite hostname="MOHIT4611" failures="0" tests="1" name="comviva.com.pretups.HomePage" time="0.290" errors="0" timestamp="21 Oct 2019 08:29:45 GMT" skipped="0">
  <testcase classname="comviva.com.pretups.HomePage" name="basePageNavigation" time="0.290"/>
</testsuite> <!-- comviva.com.pretups.HomePage -->
