<?xml version="1.0" encoding="UTF-8"?>
<!-- Generated by org.testng.reporters.JUnitReportReporter -->
<testsuite hostname="MOHIT4611" failures="0" tests="2" name="comviva.com.pretups.AppTest" time="0.256" errors="0" timestamp="13 Oct 2019 09:29:17 GMT" skipped="0">
  <testcase classname="comviva.com.pretups.AppTest" name="loginFacebook" time="0.234"/>
  <testcase classname="comviva.com.pretups.AppTest" name="verifyHomepageTitle" time="0.022"/>
</testsuite> <!-- comviva.com.pretups.AppTest -->
